/*--------------------------------*- C++ -*------------------------------------*\
| O pen         | OpenSea: The Open Source Seakeeping Suite            		|
| S eakeeping   | Version:  0.20                                                |
| E valuation   | Web:      www.opensea.dmsonline.us                            |
| A nalysis     |                                                               |
\*-----------------------------------------------------------------------------*/
seafile
{
    version   1.0;
    format    ascii;
    object    velglobal;
}
// * * * * * * * * * * * * * * * * * * * * * * * * * * * * * * * * * * * * * //
body {
  name body1;
  frequency 1
  value (
  -4.13338937929102e-005-9.38947151854394e-006i
  -4.07928622645304e-008+1.45435897736985e-008i
  -8.25645244050851e-005-1.85899508901748e-005i
  -4.68293836865262-1.05993434428872i
  0.117736867508749+0.0266485141962747i
  -0.0908254488385656-0.0205573946772855i
);
}
  frequency 2
  value (
  -0.00657208911307272-9.38947151854394e-006i
  -6.48606510006033e-006+1.45435897736985e-008i
  -0.0131277593804085-1.85899508901748e-005i
  -744.587200615766-1.05993434428872i
  18.7201619338911+0.0266485141962747i
  -14.4412463653319-0.0205573946772855i
);
}
  frequency 3
  value (
  -0.0131028443323525-9.38947151854394e-006i
  -1.29313373378561e-005+1.45435897736985e-008i
  -0.026172954236412-1.85899508901748e-005i
  -1484.49146286288-1.05993434428872i
  37.3225870002734+0.0266485141962747i
  -28.7916672818253-0.0205573946772855i
);
}
  frequency 4
  value (
  -0.0196335995516323-9.38947151854394e-006i
  -1.93766095756519e-005+1.45435897736985e-008i
  -0.0392181490924154-1.85899508901748e-005i
  -2224.39572510999-1.05993434428872i
  55.9250120666557+0.0266485141962747i
  -43.1420881983187-0.0205573946772855i
);
}
  frequency 5
  value (
  -0.0261230208771192-9.38947151854394e-006i
  -2.57810889511832e-005+1.45435897736985e-008i
  -0.0521807794240138-1.85899508901748e-005i
  -2959.61704898845-1.05993434428872i
  74.4097002655292+0.0266485141962747i
  -57.4016836659735-0.0205573946772855i
);
}
  frequency 6
  value (
  -0.0326537760963991-9.38947151854394e-006i
  -3.2226361188979e-005+1.45435897736985e-008i
  -0.0652259742800173-1.85899508901748e-005i
  -3699.52131123557-1.05993434428872i
  93.0121253319115+0.0266485141962747i
  -71.7521045824668-0.0205573946772855i
);
}
  frequency 7
  value (
  -0.0391845313156789-9.38947151854394e-006i
  -3.86716334267748e-005+1.45435897736985e-008i
  -0.0782711691360207-1.85899508901748e-005i
  -4439.42557348268-1.05993434428872i
  111.614550398294+0.0266485141962747i
  -86.1025254989602-0.0205573946772855i
);
}
  frequency 8
  value (
  -0.0457152865349587-9.38947151854394e-006i
  -4.51169056645706e-005+1.45435897736985e-008i
  -0.0913163639920242-1.85899508901748e-005i
  -5179.32983572979-1.05993434428872i
  130.216975464676+0.0266485141962747i
  -100.452946415454-0.0205573946772855i
);
}
  frequency 9
  value (
  -0.0522460417542385-9.38947151854394e-006i
  -5.15621779023664e-005+1.45435897736985e-008i
  -0.104361558848028-1.85899508901748e-005i
  -5919.23409797691-1.05993434428872i
  148.819400531058+0.0266485141962747i
  -114.803367331947-0.0205573946772855i
);
}
  frequency 10
  value (
  -0.0587767969735183-9.38947151854394e-006i
  -5.80074501401622e-005+1.45435897736985e-008i
  -0.117406753704031-1.85899508901748e-005i
  -6659.13836022402-1.05993434428872i
  167.421825597441+0.0266485141962747i
  -129.15378824844-0.0205573946772855i
);
}
  frequency 11
  value (
  -0.0652662182990052-9.38947151854394e-006i
  -6.44119295156934e-005+1.45435897736985e-008i
  -0.130369384035629-1.85899508901748e-005i
  -7394.35968410248-1.05993434428872i
  185.906513796314+0.0266485141962747i
  -143.413383716095-0.0205573946772855i
);
}
  frequency 12
  value (
  -0.071796973518285-9.38947151854394e-006i
  -7.08572017534892e-005+1.45435897736985e-008i
  -0.143414578891633-1.85899508901748e-005i
  -8134.26394634959-1.05993434428872i
  204.508938862697+0.0266485141962747i
  -157.763804632588-0.0205573946772855i
);
}
  frequency 13
  value (
  -0.0783277287375648-9.38947151854394e-006i
  -7.7302473991285e-005+1.45435897736985e-008i
  -0.156459773747636-1.85899508901748e-005i
  -8874.16820859671-1.05993434428872i
  223.111363929079+0.0266485141962747i
  -172.114225549082-0.0205573946772855i
);
}
  frequency 14
  value (
  -0.0848584839568446-9.38947151854394e-006i
  -8.37477462290808e-005+1.45435897736985e-008i
  -0.16950496860364-1.85899508901748e-005i
  -9614.07247084382-1.05993434428872i
  241.713788995461+0.0266485141962747i
  -186.464646465575-0.0205573946772855i
);
}
  frequency 15
  value (
  -0.0913892391761244-9.38947151854394e-006i
  -9.01930184668766e-005+1.45435897736985e-008i
  -0.182550163459643-1.85899508901748e-005i
  -10353.9767330909-1.05993434428872i
  260.316214061843+0.0266485141962747i
  -200.815067382069-0.0205573946772855i
);
}
  frequency 16
  value (
  -0.0979199943954042-9.38947151854394e-006i
  -9.66382907046724e-005+1.45435897736985e-008i
  -0.195595358315647-1.85899508901748e-005i
  -11093.880995338-1.05993434428872i
  278.918639128226+0.0266485141962747i
  -215.165488298562-0.0205573946772855i
);
}
  frequency 17
  value (
  -0.104409415720891-9.38947151854394e-006i
  -0.000103042770080204+1.45435897736985e-008i
  -0.208557988647245-1.85899508901748e-005i
  -11829.1023192165-1.05993434428872i
  297.403327327099+0.0266485141962747i
  -229.425083766217-0.0205573946772855i
);
}
  frequency 18
  value (
  -0.110940170940171-9.38947151854394e-006i
  -0.000109488042317999+1.45435897736985e-008i
  -0.221603183503249-1.85899508901748e-005i
  -12569.0065814636-1.05993434428872i
  316.005752393482+0.0266485141962747i
  -243.77550468271-0.0205573946772855i
);
}
  frequency 19
  value (
  -0.117470926159451-9.38947151854394e-006i
  -0.000115933314555795+1.45435897736985e-008i
  -0.234648378359252-1.85899508901748e-005i
  -13308.9108437107-1.05993434428872i
  334.608177459864+0.0266485141962747i
  -258.125925599203-0.0205573946772855i
);
}
  frequency 20
  value (
  -0.124001681378731-9.38947151854394e-006i
  -0.000122378586793591+1.45435897736985e-008i
  -0.247693573215255-1.85899508901748e-005i
  -14048.8151059578-1.05993434428872i
  353.210602526246+0.0266485141962747i
  -272.476346515697-0.0205573946772855i
);
}
body {
  name body2;
  frequency 1
  value (
  -4.13427617861297e-005-0.00149123396427281i
  -8.1585713770845e-008+4.62487786763024e-006i
  -8.25556568070431e-005-0.002939953595062i
  4.48468509503651e-008-1.26722233373013e-006i
  -1.1636981110118e-009+3.98913860690665e-008i
  7.72409618189519e-010-9.84038383905539e-009i
);
}
  frequency 2
  value (
  -0.00657349912399462-0.00149123396427281i
  -1.29721284895644e-005+4.62487786763024e-006i
  -0.0131263494323198-0.002939953595062i
  7.13064930110805e-006-1.26722233373013e-006i
  -1.85027999650875e-007+3.98913860690665e-008i
  1.22813129292133e-007-9.84038383905539e-009i
);
}
  frequency 3
  value (
  -0.0131056554862031-0.00149123396427281i
  -2.58626712653579e-005+4.62487786763024e-006i
  -0.0261701432078327-0.002939953595062i
  1.42164517512657e-005-1.26722233373013e-006i
  -3.68892301190739e-007+3.98913860690665e-008i
  2.44853848966077e-007-9.84038383905539e-009i
);
}
  frequency 4
  value (
  -0.0196378118484116-0.00149123396427281i
  -3.87532140411514e-005+4.62487786763024e-006i
  -0.0392139369833455-0.002939953595062i
  2.13022542014234e-005-1.26722233373013e-006i
  -5.52756602730603e-007+3.98913860690665e-008i
  3.66894568640021e-007-9.84038383905539e-009i
);
}
  frequency 5
  value (
  -0.026128625448834-0.00149123396427281i
  -5.15621711031741e-005+4.62487786763024e-006i
  -0.0521751751020512-0.002939953595062i
  2.83432098006307e-005-1.26722233373013e-006i
  -7.35457206159454e-007+3.98913860690665e-008i
  4.88162878695776e-007-9.84038383905539e-009i
);
}
  frequency 6
  value (
  -0.0326607818110425-0.00149123396427281i
  -6.44527138789676e-005+4.62487786763024e-006i
  -0.065218968877564-0.002939953595062i
  3.54290122507884e-005-1.26722233373013e-006i
  -9.19321507699318e-007+3.98913860690665e-008i
  6.1020359836972e-007-9.84038383905539e-009i
);
}
  frequency 7
  value (
  -0.039192938173251-0.00149123396427281i
  -7.73432566547611e-005+4.62487786763024e-006i
  -0.0782627626530768-0.002939953595062i
  4.25148147009461e-005-1.26722233373013e-006i
  -1.10318580923918e-006+3.98913860690665e-008i
  7.32244318043664e-007-9.84038383905539e-009i
);
}
  frequency 8
  value (
  -0.0457250945354594-0.00149123396427281i
  -9.02337994305546e-005+4.62487786763024e-006i
  -0.0913065564285896-0.002939953595062i
  4.96006171511038e-005-1.26722233373013e-006i
  -1.28705011077905e-006+3.98913860690665e-008i
  8.54285037717608e-007-9.84038383905539e-009i
);
}
  frequency 9
  value (
  -0.0522572508976679-0.00149123396427281i
  -0.000103124342206348+4.62487786763024e-006i
  -0.104350350204102-0.002939953595062i
  5.66864196012615e-005-1.26722233373013e-006i
  -1.47091441231891e-006+3.98913860690665e-008i
  9.76325757391552e-007-9.84038383905539e-009i
);
}
  frequency 10
  value (
  -0.0587894072598764-0.00149123396427281i
  -0.000116014884982142+4.62487786763024e-006i
  -0.117394143979615-0.002939953595062i
  6.37722220514191e-005-1.26722233373013e-006i
  -1.65477871385877e-006+3.98913860690665e-008i
  1.0983664770655e-006-9.84038383905539e-009i
);
}
  frequency 11
  value (
  -0.0652802208602988-0.00149123396427281i
  -0.000128823842044164+4.62487786763024e-006i
  -0.130355382098321-0.002939953595062i
  7.08131776506265e-005-1.26722233373013e-006i
  -1.83747931728762e-006+3.98913860690665e-008i
  1.21963478712125e-006-9.84038383905539e-009i
);
}
  frequency 12
  value (
  -0.0718123772225073-0.00149123396427281i
  -0.000141714384819958+4.62487786763024e-006i
  -0.143399175873834-0.002939953595062i
  7.78989801007841e-005-1.26722233373013e-006i
  -2.02134361882749e-006+3.98913860690665e-008i
  1.34167550679519e-006-9.84038383905539e-009i
);
}
  frequency 13
  value (
  -0.0783445335847158-0.00149123396427281i
  -0.000154604927595751+4.62487786763024e-006i
  -0.156442969649347-0.002939953595062i
  8.49847825509418e-005-1.26722233373013e-006i
  -2.20520792036735e-006+3.98913860690665e-008i
  1.46371622646914e-006-9.84038383905539e-009i
);
}
  frequency 14
  value (
  -0.0848766899469243-0.00149123396427281i
  -0.000167495470371545+4.62487786763024e-006i
  -0.169486763424859-0.002939953595062i
  9.20705850010995e-005-1.26722233373013e-006i
  -2.38907222190722e-006+3.98913860690665e-008i
  1.58575694614308e-006-9.84038383905539e-009i
);
}
  frequency 15
  value (
  -0.0914088463091327-0.00149123396427281i
  -0.000180386013147338+4.62487786763024e-006i
  -0.182530557200372-0.002939953595062i
  9.91563874512572e-005-1.26722233373013e-006i
  -2.57293652344708e-006+3.98913860690665e-008i
  1.70779766581703e-006-9.84038383905539e-009i
);
}
  frequency 16
  value (
  -0.0979410026713413-0.00149123396427281i
  -0.000193276555923132+4.62487786763024e-006i
  -0.195574350975885-0.002939953595062i
  0.000106242189901415-1.26722233373013e-006i
  -2.75680082498694e-006+3.98913860690665e-008i
  1.82983838549097e-006-9.84038383905539e-009i
);
}
  frequency 17
  value (
  -0.104431816271764-0.00149123396427281i
  -0.000206085512985155+4.62487786763024e-006i
  -0.208535589094591-0.002939953595062i
  0.000113283145500622-1.26722233373013e-006i
  -2.93950142841579e-006+3.98913860690665e-008i
  1.95110669554672e-006-9.84038383905539e-009i
);
}
  frequency 18
  value (
  -0.110963972633972-0.00149123396427281i
  -0.000218976055760948+4.62487786763024e-006i
  -0.221579382870104-0.002939953595062i
  0.00012036894795078-1.26722233373013e-006i
  -3.12336572995566e-006+3.98913860690665e-008i
  2.07314741522067e-006-9.84038383905539e-009i
);
}
  frequency 19
  value (
  -0.117496128996181-0.00149123396427281i
  -0.000231866598536742+4.62487786763024e-006i
  -0.234623176645616-0.002939953595062i
  0.000127454750400938-1.26722233373013e-006i
  -3.30723003149552e-006+3.98913860690665e-008i
  2.19518813489461e-006-9.84038383905539e-009i
);
}
  frequency 20
  value (
  -0.124028285358389-0.00149123396427281i
  -0.000244757141312535+4.62487786763024e-006i
  -0.247666970421129-0.002939953595062i
  0.000134540552851095-1.26722233373013e-006i
  -3.49109433303538e-006+3.98913860690665e-008i
  2.31722885456856e-006-9.84038383905539e-009i
);
}
// ************************************************************************* //