/*--------------------------------*- C++ -*------------------------------------*\
| O pen         | OpenSea: The Open Source Seakeeping Suite            		|
| S eakeeping   | Version:  0.20                                                |
| E valuation   | Web:      www.opensea.dmsonline.us                            |
| A nalysis     |                                                               |
\*-----------------------------------------------------------------------------*/
seafile
{
    version   1.0;
    format    ascii;
    object    frequency;
}
// * * * * * * * * * * * * * * * * * * * * * * * * * * * * * * * * * * * * * //
frequency (
0.001
0.159
0.317
0.475
0.632
0.79
0.948
1.106
1.264
1.422
1.579
1.737
1.895
2.053
2.211
2.369
2.526
2.684
2.842
3
);

// ************************************************************************* //