/*--------------------------------*- C++ -*------------------------------------*\
| O pen         | OpenSea: The Open Source Seakeeping Suite            		|
| S eakeeping   | Version:  0.20                                                |
| E valuation   | Web:      www.opensea.dmsonline.us                            |
| A nalysis     |                                                               |
\*-----------------------------------------------------------------------------*/
seafile
{
    version   1.0;
    format    ascii;
    object    accglobal;
}
// * * * * * * * * * * * * * * * * * * * * * * * * * * * * * * * * * * * * * //
body {
  name body1;
  data {
    frequency 1
    value (
    9.38947151854394e-009-4.13338937929102e-008i
    -1.45435897736985e-011-4.07928622645304e-011i
    1.85899508901748e-008-8.25645244050851e-008i
    0.00105993434428872-0.00468293836865261i
    -2.66485141962747e-005+0.000117736867508749i
    2.05573946772855e-005-9.08254488385656e-005i
    );
  }
  data {
    frequency 2
    value (
    0.000237375229460309-4.13338937929102e-008i
    -3.70560185838753e-007-4.07928622645304e-011i
    0.000109867556639403-8.25645244050851e-008i
    6.54010339952798-0.00468293836865261i
    -0.164429086501765+0.000117736867508749i
    0.126845112464258-9.08254488385656e-005i
    );
  }
  data {
    frequency 3
    value (
    0.000943538603426962-4.13338937929102e-008i
    -1.37812709510687e-006-4.07928622645304e-011i
    -0.00076308191939444-8.25645244050851e-008i
    -47.5099670522434-0.00468293836865261i
    1.19447969187773+0.000117736867508749i
    -0.921454348967727-9.08254488385656e-005i
    );
  }
  data {
    frequency 4
    value (
    0.00211849951137148-4.13338937929102e-008i
    -2.34722612977477e-006-4.07928622645304e-011i
    -0.00324803838047146-8.25645244050851e-008i
    -236.628950285925-0.00468293836865261i
    5.94924584625697+0.000117736867508749i
    -4.5894112673185-9.08254488385656e-005i
    );
  }
  data {
    frequency 5
    value (
    0.0037503802718229-4.13338937929102e-008i
    -1.76208825927936e-006-4.07928622645304e-011i
    -0.00612937923322718-8.25645244050851e-008i
    -577.278270978808-0.00468293836865261i
    14.5137370027651+0.000117736867508749i
    -11.1962944752866-9.08254488385656e-005i
    );
  }
  data {
    frequency 6
    value (
    0.00585996917472328-4.13338937929102e-008i
    2.51961532025423e-006-4.07928622645304e-011i
    -0.00698367232803452-8.25645244050851e-008i
    -1054.47749572664-0.00468293836865261i
    26.5113201219806+0.000117736867508749i
    -20.4515589208033-9.08254488385656e-005i
    );
  }
  data {
    frequency 7
    value (
    0.00843835561160152-4.13338937929102e-008i
    1.29155541023468e-005-4.07928622645304e-011i
    -0.00285511821329455-8.25645244050851e-008i
    -1633.08840286289-0.00468293836865261i
    41.0585618025139+0.000117736867508749i
    -31.6736998603995-9.08254488385656e-005i
    );
  }
  data {
    frequency 8
    value (
    0.0114855395824576-4.13338937929102e-008i
    3.18938566862741e-005-4.07928622645304e-011i
    0.00914526618184367-8.25645244050851e-008i
    -2281.10376622086-0.00468293836865261i
    57.3507470833646+0.000117736867508749i
    -44.2419381131784-9.08254488385656e-005i
    );
  }
  data {
    frequency 9
    value (
    0.0150015210872917-4.13338937929102e-008i
    6.19076288751919e-005-4.07928622645304e-011i
    0.0316712808832096-8.25645244050851e-008i
    -2973.6355134172-0.00468293836865261i
    74.7621483837339+0.000117736867508749i
    -57.6735702699858-9.08254488385656e-005i
    );
  }
  data {
    frequency 10
    value (
    0.0189863001261034-4.13338937929102e-008i
    0.000105406348568059-4.07928622645304e-011i
    0.0671315634142756-8.25645244050851e-008i
    -3693.21687632121-0.00468293836865261i
    92.8536220689343+0.000117736867508749i
    -71.6298288925997-9.08254488385656e-005i
    );
  }
  data {
    frequency 11
    value (
    0.0234102153583662-4.13338937929102e-008i
    0.000164442789756039-4.07928622645304e-011i
    0.117368058374168-8.25645244050851e-008i
    -4423.58094539694-0.00468293836865261i
    111.216190946873+0.000117736867508749i
    -85.7952177645274-9.08254488385656e-005i
    );
  }
  data {
    frequency 12
    value (
    0.0283296223921334-4.13338937929102e-008i
    0.000242316645302522-4.07928622645304e-011i
    0.185086971866197-8.25645244050851e-008i
    -5166.63800782269-0.00468293836865261i
    129.897882818711+0.000117736867508749i
    -100.206786846393-9.08254488385656e-005i
    );
  }
  data {
    frequency 13
    value (
    0.0337178269598793-4.13338937929102e-008i
    0.0003413789361858-4.07928622645304e-011i
    0.272004009426745-8.25645244050851e-008i
    -5913.11828419965-0.00468293836865261i
    148.665639994945+0.000117736867508749i
    -114.68474904846-9.08254488385656e-005i
    );
  }
  data {
    frequency 14
    value (
    0.0395748290616026-4.13338937929102e-008i
    0.000464447099001147-4.07928622645304e-011i
    0.380044986973792-8.25645244050851e-008i
    -6660.17286717117-0.00468293836865261i
    167.44783620092+0.000117736867508749i
    -129.17384989894-9.08254488385656e-005i
    );
  }
  data {
    frequency 15
    value (
    0.0459006286973038-4.13338937929102e-008i
    0.000614507767792989-4.07928622645304e-011i
    0.511097634372091-8.25645244050851e-008i
    -7406.10682376351-0.00468293836865261i
    186.201857999447+0.000117736867508749i
    -143.641216224207-9.08254488385656e-005i
    );
  }
  data {
    frequency 16
    value (
    0.0526952258669832-4.13338937929102e-008i
    0.000794739009986067-4.07928622645304e-011i
    0.667025636153733-8.25645244050851e-008i
    -8149.95430307121-0.00468293836865261i
    204.903422290524+0.000117736867508749i
    -158.068115375237-9.08254488385656e-005i
    );
  }
  data {
    frequency 17
    value (
    0.059911175571057-4.13338937929102e-008i
    0.00100706420982351-4.07928622645304e-011i
    0.848433719911134-8.25645244050851e-008i
    -8886.52363419093-0.00468293836865261i
    223.422001822425+0.000117736867508749i
    -172.353855053368-9.08254488385656e-005i
    );
  }
  data {
    frequency 18
    value (
    0.0676404007356915-4.13338937929102e-008i
    0.00125778766073232-4.07928622645304e-011i
    1.05946246094504-8.25645244050851e-008i
    -9624.97310090173-0.00468293836865261i
    241.98785109991+0.000117736867508749i
    -186.6760598927-9.08254488385656e-005i
    );
  }
  data {
    frequency 19
    value (
    0.0758384234343042-4.13338937929102e-008i
    0.00154953196821085-4.07928622645304e-011i
    1.30087654050057-8.25645244050851e-008i
    -10360.5499927847-0.00468293836865261i
    260.481479068779+0.000117736867508749i
    -200.942551219787-9.08254488385656e-005i
    );
  }
  data {
    frequency 20
    value (
    0.0845052436668949-4.13338937929102e-008i
    0.00188642654648595-4.07928622645304e-011i
    1.57450623192209-8.25645244050851e-008i
    -11093.305772255-0.00468293836865261i
    278.90417957984+0.000117736867508749i
    -215.15432714661-9.08254488385656e-005i
    );
  }
}
body {
  name body2;
  data {
    frequency 1
    value (
    9.37882996397993e-009-0.00104518636071515i
    -2.90872821863537e-011-2.00990203567235e-006i
    1.84902741827799e-008-0.00205268828918335i
    7.9699517844662e-012+1.09200057840346e-006i
    -2.50889220560166e-013-2.82269946220573e-008i
    6.18892065349396e-014+1.89812945410919e-008i
    );
  }
  data {
    frequency 2
    value (
    0.000237106200319377-0.00104518636071515i
    -7.38239273723089e-007-2.00990203567235e-006i
    0.000107347629799752-0.00205268828918335i
    -5.76928796143201e-007+1.09200057840346e-006i
    1.58782442091308e-008-2.82269946220573e-008i
    -8.60974472407653e-009+1.89812945410919e-008i
    );
  }
  data {
    frequency 3
    value (
    0.000942469244250375-0.00104518636071515i
    -2.83960820196218e-006-2.00990203567235e-006i
    -0.000773098332043837-0.00205268828918335i
    -5.11797024509295e-006+1.09200057840346e-006i
    1.43750367835957e-007-2.82269946220573e-008i
    -7.11438007585361e-008+1.89812945410919e-008i
    );
  }
  data {
    frequency 4
    value (
    0.00211609851062296-0.00104518636071515i
    -5.62864673038009e-006-2.00990203567235e-006i
    -0.00327052793757745-0.00205268828918335i
    -1.6485262875353e-005+1.09200057840346e-006i
    4.65319978719275e-007-2.82269946220573e-008i
    -2.25012028930703e-007+1.89812945410919e-008i
    );
  }
  data {
    frequency 5
    value (
    0.00374612977953274-0.00104518636071515i
    -7.57118805751175e-006-2.00990203567235e-006i
    -0.00616919250240165-0.00205268828918335i
    -3.52699114494149e-005+1.09200057840346e-006i
    9.97490535848459e-007-2.82269946220573e-008i
    -4.77887025340667e-007+1.89812945410919e-008i
    );
  }
  data {
    frequency 6
    value (
    0.00585332778051988-0.00104518636071515i
    -6.55710311448384e-006-2.00990203567235e-006i
    -0.00704588056111969-0.00205268828918335i
    -6.0968707739739e-005+1.09200057840346e-006i
    1.72584552225095e-006-2.82269946220573e-008i
    -8.23285179113743e-007+1.89812945410919e-008i
    );
  }
  data {
    frequency 7
    value (
    0.0084287920039486-0.00104518636071515i
    -1.54920443675984e-007-2.00990203567235e-006i
    -0.00294469806893718-0.00205268828918335i
    -9.22001691300817e-005+1.09200057840346e-006i
    2.6109708244687e-006-2.82269946220573e-008i
    -1.24310958107499e-006+1.89812945410919e-008i
    );
  }
  data {
    frequency 8
    value (
    0.0114725224498189-0.00104518636071515i
    1.41034885541875e-005-2.00990203567235e-006i
    0.00902333804499675-0.00205268828918335i
    -0.000127734218976992+1.09200057840346e-006i
    3.61775223421247e-006-2.82269946220573e-008i
    -1.72128241263906e-006+1.89812945410919e-008i
    );
  }
  data {
    frequency 9
    value (
    0.014984519118131-0.00104518636071515i
    3.86712296822622e-005-2.00990203567235e-006i
    0.0315120278065116-0.00205268828918335i
    -0.000166614357660306+1.09200057840346e-006i
    4.71888517085314e-006-2.82269946220573e-008i
    -2.24530166634822e-006+1.89812945410919e-008i
    );
  }
  data {
    frequency 10
    value (
    0.0189647820088844-0.00104518636071515i
    7.5997780839507e-005-2.00990203567235e-006i
    0.0669300087390795-0.00205268828918335i
    -0.000208169273953943+1.09200057840346e-006i
    5.89520614377006e-006-2.82269946220573e-008i
    -2.80639291325557e-006+1.89812945410919e-008i
    );
  }
  data {
    frequency 11
    value (
    0.0233836833982234-0.00104518636071515i
    0.000128181859541419-2.00990203567235e-006i
    0.117119540320546-0.00205268828918335i
    -0.000251670281677755+1.09200057840346e-006i
    7.12598766153427e-006-2.82269946220573e-008i
    -3.39489822925346e-006+1.89812945410919e-008i
    );
  }
  data {
    frequency 12
    value (
    0.0282975150235914-0.00104518636071515i
    0.000198435867409523-2.00990203567235e-006i
    0.184786230394623-0.00205268828918335i
    -0.000297387310180266+1.09200057840346e-006i
    8.41879492048412e-006-2.82269946220573e-008i
    -4.01459952904785e-006+1.89812945410919e-008i
    );
  }
  data {
    frequency 13
    value (
    0.0336796128714011-0.00104518636071515i
    0.000289152173139645-2.00990203567235e-006i
    0.271646067878572-0.00205268828918335i
    -0.000344870904522545+1.09200057840346e-006i
    9.76086407732538e-006-2.82269946220573e-008i
    -4.65950196491795e-006+1.89812945410919e-008i
    );
  }
  data {
    frequency 14
    value (
    0.0395299769416521-0.00104518636071515i
    0.000403148213327056-2.00990203567235e-006i
    0.379624868690374-0.00205268828918335i
    -0.000394011482146803+1.09200057840346e-006i
    1.11490669491277e-005-2.82269946220573e-008i
    -5.32817322897171e-006+1.89812945410919e-008i
    );
  }
  data {
    frequency 15
    value (
    0.0458486072343452-0.00104518636071515i
    0.000543410622016183-2.00990203567235e-006i
    0.51061036269478-0.00205268828918335i
    -0.000444743801041253+1.09200057840346e-006i
    1.25815411140629e-005-2.82269946220573e-008i
    -6.01976057009379e-006+1.89812945410919e-008i
    );
  }
  data {
    frequency 16
    value (
    0.0526355037494796-0.00104518636071515i
    0.000713117466631771-2.00990203567235e-006i
    0.666466234423884-0.00205268828918335i
    -0.000497030631510749+1.09200057840346e-006i
    1.40572237999234e-005-2.82269946220573e-008i
    -6.73377737447216e-006+1.89812945410919e-008i
    );
  }
  data {
    frequency 17
    value (
    0.0598432752592478-0.00104518636071515i
    0.000914265620694701-2.00990203567235e-006i
    0.8477977151365-0.00205268828918335i
    -0.000550506849510856+1.09200057840346e-006i
    1.55658101645561e-005-2.82269946220573e-008i
    -7.4652376035383e-006+1.89812945410919e-008i
    );
  }
  data {
    frequency 18
    value (
    0.0675637405089965-0.00104518636071515i
    0.00115301699488326-2.00990203567235e-006i
    1.05874440429841-0.00205268828918335i
    -0.000605844919686557+1.09200057840346e-006i
    1.71262677722437e-005-2.82269946220573e-008i
    -8.22334470980733e-006+1.89812945410919e-008i
    );
  }
  data {
    frequency 19
    value (
    0.0757524719811871-0.00104518636071515i
    0.00143206308816676-2.00990203567235e-006i
    1.3000714553233-0.00205268828918335i
    -0.000662706920606322+1.09200057840346e-006i
    1.8729060929506e-005-2.82269946220573e-008i
    -9.00348157005004e-006+1.89812945410919e-008i
    );
  }
  data {
    frequency 20
    value (
    0.0844094696758192-0.00104518636071515i
    0.00175553331477206-2.00990203567235e-006i
    1.57360914155553-0.00205268828918335i
    -0.000721094694441065+1.09200057840346e-006i
    2.03742422236134e-005-2.82269946220573e-008i
    -9.80567226251384e-006+1.89812945410919e-008i
    );
  }
}
// ************************************************************************* //