/*--------------------------------*- C++ -*------------------------------------*\
| O pen         | OpenSea: The Open Source Seakeeping Suite            		|
| S eakeeping   | Version:  0.20                                                |
| E valuation   | Web:      www.opensea.dmsonline.us                            |
| A nalysis     |                                                               |
\*-----------------------------------------------------------------------------*/
seafile
{
    version   1.0;
    format    ascii;
    object    accglobal;
}
// * * * * * * * * * * * * * * * * * * * * * * * * * * * * * * * * * * * * * //
body {
  name body1;
  data {
    frequency 1
    value (
    -0.00938947151854394+0.0413338937929102i
    1.45435897736985e-005+4.07928622645304e-005i
    -0.0185899508901748+0.0825645244050851i
    -1059.93434428872+4682.93836865262i
    26.6485141962747-117.736867508749i
    -20.5573946772855+90.8254488385656i
    );
  }
  data {
    frequency 2
    value (
    -0.00938947151854394+0.0413338937929102i
    1.46576553870003e-005+4.07928622645304e-005i
    -0.00434585485698362+0.0825645244050851i
    -258.696388573553+4682.93836865262i
    6.50405784983843-117.736867508749i
    -5.01740882339534+90.8254488385656i
    );
  }
  data {
    frequency 3
    value (
    -0.00938947151854394+0.0413338937929102i
    1.37142084716424e-005+4.07928622645304e-005i
    0.00759368606906666+0.0825645244050851i
    472.787738481261+4682.93836865262i
    -11.8866710971124-117.736867508749i
    9.16970363888313+90.8254488385656i
    );
  }
  data {
    frequency 4
    value (
    -0.00938947151854394+0.0413338937929102i
    1.04032183037109e-005+4.07928622645304e-005i
    0.0143957379743888+0.0825645244050851i
    1048.77097079634+4682.93836865262i
    -26.3678486260697-117.736867508749i
    20.3408809631845+90.8254488385656i
    );
  }
  data {
    frequency 5
    value (
    -0.00938947151854396+0.0413338937929102i
    4.41157331377023e-006+4.07928622645304e-005i
    0.0153455456688311+0.0825645244050851i
    1445.27687614867+4682.93836865262i
    -36.3366673078361-117.736867508749i
    28.0311009736185+90.8254488385656i
    );
  }
  data {
    frequency 6
    value (
    -0.00938947151854395+0.0413338937929102i
    -4.03719807763857e-006+4.07928622645304e-005i
    0.0111899893094609+0.0825645244050851i
    1689.59701286115+4682.93836865262i
    -42.4792823617698-117.736867508749i
    32.7696826162527+90.8254488385656i
    );
  }
  data {
    frequency 7
    value (
    -0.00938947151854395+0.0413338937929102i
    -1.43713103561871e-005+4.07928622645304e-005i
    0.00317692834714717+0.0825645244050851i
    1817.15937935392+4682.93836865262i
    -45.6864126592448-117.736867508749i
    35.2437508461067+90.8254488385656i
    );
  }
  data {
    frequency 8
    value (
    -0.00938947151854391+0.0413338937929102i
    -2.60733469962249e-005+4.07928622645304e-005i
    -0.00747628927029916+0.0825645244050851i
    1864.81085107114+4682.93836865262i
    -46.884450002587-117.736867508749i
    36.1679496950534+90.8254488385656i
    );
  }
  data {
    frequency 9
    value (
    -0.00938947151854403+0.0413338937929102i
    -3.87480652609707e-005+4.07928622645304e-005i
    -0.0198230958099724+0.0825645244050851i
    1861.20232723697+4682.93836865262i
    -46.7937257048487-117.736867508749i
    36.0979624847191+90.8254488385656i
    );
  }
  data {
    frequency 10
    value (
    -0.00938947151854392+0.0413338937929102i
    -5.21275815287885e-005+4.07928622645304e-005i
    -0.0331991961828864+0.0825645244050851i
    1826.44087798588+4682.93836865262i
    -45.9197649894536-117.736867508749i
    35.4237652306233+90.8254488385656i
    );
  }
  data {
    frequency 11
    value (
    -0.009389471518544+0.0413338937929102i
    -6.59554330111045e-005+4.07928622645304e-005i
    -0.0470744939515147+0.0825645244050851i
    1774.22918418113+4682.93836865262i
    -44.607076069611-117.736867508749i
    34.4111210125806+90.8254488385656i
    );
  }
  data {
    frequency 12
    value (
    -0.00938947151854385+0.0413338937929102i
    -8.03125861701887e-005+4.07928622645304e-005i
    -0.0613445822445468+0.0825645244050851i
    1712.41253235158+4682.93836865262i
    -43.0529025118283-117.736867508749i
    33.2121889249136+90.8254488385656i
    );
  }
  data {
    frequency 13
    value (
    -0.00938947151854396+0.0413338937929102i
    -9.50644833120906e-005+4.07928622645304e-005i
    -0.0757455070423471+0.0825645244050851i
    1646.63801677784+4682.93836865262i
    -41.3992216692853-117.736867508749i
    31.9364941899486+90.8254488385656i
    );
  }
  data {
    frequency 14
    value (
    -0.00938947151854392+0.0413338937929102i
    -0.000110194103457866+4.07928622645304e-005i
    -0.090168970165384+0.0825645244050851i
    1580.18379176166+4682.93836865262i
    -39.7284517995763-117.736867508749i
    30.6476165109594+90.8254488385656i
    );
  }
  data {
    frequency 15
    value (
    -0.00938947151854392+0.0413338937929102i
    -0.000125704229928232+4.07928622645304e-005i
    -0.10455056536979+0.0825645244050851i
    1514.99949039055+4682.93836865262i
    -38.0896099248518-117.736867508749i
    29.3833689625567+90.8254488385656i
    );
  }
  data {
    frequency 16
    value (
    -0.00938947151854397+0.0413338937929102i
    -0.000141610158722472+4.07928622645304e-005i
    -0.118853617377287+0.0825645244050851i
    1452.19538482079+4682.93836865262i
    -36.5106101358325-117.736867508749i
    28.1652852395427+90.8254488385656i
    );
  }
  data {
    frequency 17
    value (
    -0.00938947151854396+0.0413338937929102i
    -0.00015783033174283+4.07928622645304e-005i
    -0.132969252773708+0.0825645244050851i
    1392.72447530496+4682.93836865262i
    -35.0154124457072-117.736867508749i
    27.0118487529171+90.8254488385656i
    );
  }
  data {
    frequency 18
    value (
    -0.00938947151854389+0.0413338937929102i
    -0.000174599223073355+4.07928622645304e-005i
    -0.147068800506984+0.0825645244050851i
    1336.08627114447+4682.93836865262i
    -33.5914336849474-117.736867508749i
    25.913352500758+90.8254488385656i
    );
  }
  data {
    frequency 19
    value (
    -0.00938947151854388+0.0413338937929102i
    -0.000191845843092881+4.07928622645304e-005i
    -0.161060088976572+0.0825645244050851i
    1282.72826185491+4682.93836865262i
    -32.2499244850886-117.736867508749i
    24.87847552865+90.8254488385656i
    );
  }
  data {
    frequency 20
    value (
    -0.00938947151854388+0.0413338937929102i
    -0.00020960294960955+4.07928622645304e-005i
    -0.174945136880232+0.0825645244050851i
    1232.58953025055+4682.93836865262i
    -30.9893532866488-117.736867508749i
    23.9060363496234+90.8254488385656i
    );
  }
}
body {
  name body2;
  data {
    frequency 1
    value (
    -0.00937882996397993+0.0413427617861297i
    2.90872821863537e-005+7.95024736233674e-005i
    -0.0184902741827799+0.0811949008814269i
    -7.9699517844662e-006-4.31945167676699e-005i
    2.50889220560166e-007+1.1165299878192e-006i
    -6.18892065349396e-008-7.50812647485936e-007i
    );
  }
  data {
    frequency 2
    value (
    -0.00937882996397994+0.0413427617861297i
    2.92013477996554e-005+7.95024736233674e-005i
    -0.00424617814958872+0.0811949008814269i
    2.28206477648511e-005-4.31945167676699e-005i
    -6.28070258657916e-007+1.1165299878192e-006i
    3.40561873504866e-007-7.50812647485936e-007i
    );
  }
  data {
    frequency 3
    value (
    -0.00937882996397989+0.0413427617861297i
    2.82579008842975e-005+7.95024736233674e-005i
    0.00769336277646147+0.0811949008814269i
    5.09306515647778e-005-4.31945167676699e-005i
    -1.4305084918345e-006+1.1165299878192e-006i
    7.07976004921296e-007-7.50812647485936e-007i
    );
  }
  data {
    frequency 4
    value (
    -0.00937882996397989+0.0413427617861297i
    2.4946910716366e-005+7.95024736233674e-005i
    0.0144954146817837+0.0811949008814269i
    7.3064877009875e-005-4.31945167676699e-005i
    -2.06236001648432e-006+1.1165299878192e-006i
    9.97283230717796e-007-7.50812647485936e-007i
    );
  }
  data {
    frequency 5
    value (
    -0.00937882996397999+0.0413427617861297i
    1.89552657264254e-005+7.95024736233674e-005i
    0.0154452223762259+0.0811949008814269i
    8.83019334076443e-005-4.31945167676699e-005i
    -2.49732248399811e-006+1.1165299878192e-006i
    1.19644043758179e-006-7.50812647485936e-007i
    );
  }
  data {
    frequency 6
    value (
    -0.00937882996397994+0.0413427617861297i
    1.05064943350166e-005+7.95024736233674e-005i
    0.0112896660168558+0.0811949008814269i
    9.76906068574572e-005-4.31945167676699e-005i
    -2.76533491788328e-006+1.1165299878192e-006i
    1.31915587103628e-006-7.50812647485936e-007i
    );
  }
  data {
    frequency 7
    value (
    -0.00937882996397991+0.0413427617861297i
    1.72382056467963e-007+7.95024736233674e-005i
    0.00327660505454208+0.0811949008814269i
    0.000102592365372894-4.31945167676699e-005i
    -2.90526227152511e-006+1.1165299878192e-006i
    1.38322471144559e-006-7.50812647485936e-007i
    );
  }
  data {
    frequency 8
    value (
    -0.00937882996397991+0.0413427617861297i
    -1.15296545835697e-005+7.95024736233674e-005i
    -0.00737661256290425+0.0811949008814269i
    0.000104423201227721-4.31945167676699e-005i
    -2.95752596736236e-006+1.1165299878192e-006i
    1.40715480302988e-006-7.50812647485936e-007i
    );
  }
  data {
    frequency 9
    value (
    -0.00937882996398002+0.0413427617861297i
    -2.42043728483154e-005+7.95024736233674e-005i
    -0.0197234191025775+0.0811949008814269i
    0.000104284142703184-4.31945167676699e-005i
    -2.95355635293143e-006+1.1165299878192e-006i
    1.40533722707463e-006-7.50812647485936e-007i
    );
  }
  data {
    frequency 10
    value (
    -0.00937882996397994+0.0413427617861297i
    -3.75838891161332e-005+7.95024736233674e-005i
    -0.0330995194754914+0.0811949008814269i
    0.000102947886415175-4.31945167676699e-005i
    -2.91541110249132e-006+1.1165299878192e-006i
    1.38787157865626e-006-7.50812647485936e-007i
    );
  }
  data {
    frequency 11
    value (
    -0.00937882996397996+0.0413427617861297i
    -5.14117405984494e-005+7.95024736233674e-005i
    -0.0469748172441198+0.0811949008814269i
    0.000100941016804134-4.31945167676699e-005i
    -2.85812228402079e-006+1.1165299878192e-006i
    1.36164062329051e-006-7.50812647485936e-007i
    );
  }
  data {
    frequency 12
    value (
    -0.00937882996397994+0.0413427617861297i
    -6.57688937575332e-005+7.95024736233674e-005i
    -0.0612449055371518+0.0811949008814269i
    9.85650158079532e-005-4.31945167676699e-005i
    -2.79029610886368e-006+1.1165299878192e-006i
    1.3305849056012e-006-7.50812647485936e-007i
    );
  }
  data {
    frequency 13
    value (
    -0.00937882996397994+0.0413427617861297i
    -8.05207908994355e-005+7.95024736233674e-005i
    -0.0756458303349523+0.0811949008814269i
    9.60368988025829e-005-4.31945167676699e-005i
    -2.71812757564355e-006+1.1165299878192e-006i
    1.29754094302266e-006-7.50812647485936e-007i
    );
  }
  data {
    frequency 14
    value (
    -0.00937882996397989+0.0413427617861297i
    -9.56504110452114e-005+7.95024736233674e-005i
    -0.0900692934579893+0.0811949008814269i
    9.34826423087744e-005-4.31945167676699e-005i
    -2.64521285522729e-006+1.1165299878192e-006i
    1.26415532209685e-006-7.50812647485936e-007i
    );
  }
  data {
    frequency 15
    value (
    -0.00937882996397994+0.0413427617861297i
    -0.000111160537515577+7.95024736233674e-005i
    -0.104450888662395+0.0811949008814269i
    9.09771689722215e-005-4.31945167676699e-005i
    -2.57369071628472e-006+1.1165299878192e-006i
    1.23140732546588e-006-7.50812647485936e-007i
    );
  }
  data {
    frequency 16
    value (
    -0.00937882996397994+0.0413427617861297i
    -0.000127066466309817+7.95024736233674e-005i
    -0.118753940669892+0.0811949008814269i
    8.85631455531566e-005-4.31945167676699e-005i
    -2.50477913943014e-006+1.1165299878192e-006i
    1.19985463255102e-006-7.50812647485936e-007i
    );
  }
  data {
    frequency 17
    value (
    -0.00937882996397996+0.0413427617861297i
    -0.000143286639330175+7.95024736233674e-005i
    -0.132869576066313+0.0811949008814269i
    8.62771984521477e-005-4.31945167676699e-005i
    -2.43952367500812e-006+1.1165299878192e-006i
    1.16997597175257e-006-7.50812647485936e-007i
    );
  }
  data {
    frequency 18
    value (
    -0.00937882996397991+0.0413427617861297i
    -0.000160055530660699+7.95024736233674e-005i
    -0.146969123799589+0.0811949008814269i
    8.41000874651793e-005-4.31945167676699e-005i
    -2.37737508526596e-006+1.1165299878192e-006i
    1.14151986239138e-006-7.50812647485936e-007i
    );
  }
  data {
    frequency 19
    value (
    -0.00937882996397991+0.0413427617861297i
    -0.000177302150680226+7.95024736233674e-005i
    -0.160960412269177+0.0811949008814269i
    8.20490125505477e-005-4.31945167676699e-005i
    -2.31882436637157e-006+1.1165299878192e-006i
    1.11471111794605e-006-7.50812647485936e-007i
    );
  }
  data {
    frequency 20
    value (
    -0.00937882996397991+0.0413427617861297i
    -0.000195059257196896+7.95024736233674e-005i
    -0.174845460172837+0.0811949008814269i
    8.01216327156739e-005-4.31945167676699e-005i
    -2.2638046915126e-006+1.1165299878192e-006i
    1.08951914027932e-006-7.50812647485936e-007i
    );
  }
}
// ************************************************************************* //