/*--------------------------------*- C++ -*------------------------------------*\
| O pen         | OpenSea: The Open Source Seakeeping Suite            		|
| S eakeeping   | Version:  0.20                                                |
| E valuation   | Web:      www.opensea.dmsonline.us                            |
| A nalysis     |                                                               |
\*-----------------------------------------------------------------------------*/
seafile
{
    version   1.0;
    format    ascii;
    object    velglobal;
}
// * * * * * * * * * * * * * * * * * * * * * * * * * * * * * * * * * * * * * //
body {
  name body1;
  data {
    frequency 1
    value (
    -4.13338937929102e-005-9.38947151854394e-006i
    -4.07928622645304e-008+1.45435897736985e-008i
    -8.25645244050851e-005-1.85899508901748e-005i
    -4.68293836865262-1.05993434428872i
    0.117736867508749+0.0266485141962747i
    -0.0908254488385656-0.0205573946772855i
    );
  }
  data {
    frequency 2
    value (
    -0.00657208911307272-9.38947151854394e-006i
    -6.15482991661138e-006+1.45435897736985e-008i
    -0.0129113991882356-1.85899508901748e-005i
    -751.423773859625-1.05993434428872i
    18.8920447688064+0.0266485141962747i
    -14.5738414960804-0.0205573946772855i
    );
  }
  data {
    frequency 3
    value (
    -0.0131028443323525-9.38947151854394e-006i
    -1.04167959337334e-005+1.45435897736985e-008i
    -0.0227135076370151-1.85899508901748e-005i
    -1433.15365461582-1.05993434428872i
    36.0318690184579+0.0266485141962747i
    -27.7959720476711-0.0205573946772855i
    );
  }
  data {
    frequency 4
    value (
    -0.0196335995516324-9.38947151854394e-006i
    -1.15988731582543e-005+1.45435897736985e-008i
    -0.026848630703931-1.85899508901748e-005i
    -1969.95669588114-1.05993434428872i
    49.5279912059112+0.0266485141962747i
    -38.207250942182-0.0205573946772855i
    );
  }
  data {
    frequency 5
    value (
    -0.0261230208771193-9.38947151854394e-006i
    -9.37919238351757e-006+1.45435897736985e-008i
    -0.0246729189824143-1.85899508901748e-005i
    -2339.48704409997-1.05993434428872i
    58.8185993653717+0.0266485141962747i
    -45.3742810263436-0.0205573946772855i
    );
  }
  data {
    frequency 6
    value (
    -0.0326537760963991-9.38947151854394e-006i
    -3.99301114458336e-006+1.45435897736985e-008i
    -0.0168434895425838-1.85899508901748e-005i
    -2567.18016528062-1.05993434428872i
    64.543183463572+0.0266485141962747i
    -49.7903823944403-0.0205573946772855i
    );
  }
  data {
    frequency 7
    value (
    -0.0391845313156789-9.38947151854394e-006i
    4.07158968784573e-006+1.45435897736985e-008i
    -0.00454007710465031-1.85899508901748e-005i
    -2686.05486699475-1.05993434428872i
    67.5318913030463+0.0266485141962747i
    -52.0959538168559-0.0205573946772855i
    );
  }
  data {
    frequency 8
    value (
    -0.0457152865349588-9.38947151854394e-006i
    1.43575331251417e-005+1.45435897736985e-008i
    0.011102736293809-1.85899508901748e-005i
    -2730.45227352409-1.05993434428872i
    68.6481159295768+0.0266485141962747i
    -52.9570403576541-0.0205573946772855i
    );
  }
  data {
    frequency 9
    value (
    -0.0522460417542384-9.38947151854394e-006i
    2.65261839516731e-005+1.45435897736985e-008i
    0.0292027354497642-1.85899508901748e-005i
    -2727.07489571232-1.05993434428872i
    68.5632029280726+0.0266485141962747i
    -52.8915364049054-0.0205573946772855i
    );
  }
  data {
    frequency 10
    value (
    -0.0587767969735185-9.38947151854394e-006i
    4.03621812918875e-005+1.45435897736985e-008i
    0.0491407828874684-1.85899508901748e-005i
    -2694.66243363531-1.05993434428872i
    67.7482995618789+0.0266485141962747i
    -52.2628978733071-0.0205573946772855i
    );
  }
  data {
    frequency 11
    value (
    -0.0652662182990053-9.38947151854394e-006i
    5.56467070899389e-005+1.45435897736985e-008i
    0.0703672012831355-1.85899508901748e-005i
    -2645.98582619863-1.05993434428872i
    66.5244885005781+0.0266485141962747i
    -51.3188167344727-0.0205573946772855i
    );
  }
  data {
    frequency 12
    value (
    -0.0717969735182852-9.38947151854394e-006i
    7.25289713522475e-005+1.45435897736985e-008i
    0.0928903333263346-1.85899508901748e-005i
    -2588.35664764223-1.05993434428872i
    65.0755948937897+0.0266485141962747i
    -50.2011007514388-0.0205573946772855i
    );
  }
  data {
    frequency 13
    value (
    -0.0783277287375651-9.38947151854394e-006i
    9.09196672647079e-005+1.45435897736985e-008i
    0.116414108552914-1.85899508901748e-005i
    -2527.03806154562-1.05993434428872i
    63.5339434382164+0.0266485141962747i
    -49.0118288210395-0.0205573946772855i
    );
  }
  data {
    frequency 14
    value (
    -0.0848584839568448-9.38947151854394e-006i
    0.000110855511590245+1.45435897736985e-008i
    0.140837579638381-1.85899508901748e-005i
    -2465.08529316569-1.05993434428872i
    61.9763475840662+0.0266485141962747i
    -47.8102569444836-0.0205573946772855i
    );
  }
  data {
    frequency 15
    value (
    -0.0913892391761244-9.38947151854394e-006i
    0.000132396254323256+1.45435897736985e-008i
    0.166100707223823-1.85899508901748e-005i
    -2404.3153918872-1.05993434428872i
    60.4484909784377+0.0266485141962747i
    -46.6316267394871-0.0205573946772855i
    );
  }
  data {
    frequency 16
    value (
    -0.0979199943954042-9.38947151854394e-006i
    0.000155617882865548+1.45435897736985e-008i
    0.192169297963523-1.85899508901748e-005i
    -2345.76312643401-1.05993434428872i
    58.9763894300402+0.0266485141962747i
    -45.4960075140702-0.0205573946772855i
    );
  }
  data {
    frequency 17
    value (
    -0.104409415720891-9.38947151854394e-006i
    0.000180444341382674+1.45435897736985e-008i
    0.218852925435853-1.85899508901748e-005i
    -2290.31681640791-1.05993434428872i
    57.5823767734323+0.0266485141962747i
    -44.4206281987845-0.0205573946772855i
    );
  }
  data {
    frequency 18
    value (
    -0.110940170940171-9.38947151854394e-006i
    0.000207288339359455+1.45435897736985e-008i
    0.246483587280095-1.85899508901748e-005i
    -2237.50975592111-1.05993434428872i
    56.2547192442235+0.0266485141962747i
    -43.3964370494623-0.0205573946772855i
    );
  }
  data {
    frequency 19
    value (
    -0.117470926159451-9.38947151854394e-006i
    0.000236101734372084+1.45435897736985e-008i
    0.274891985904134-1.85899508901748e-005i
    -2187.75912640661-1.05993434428872i
    55.0039054789175+0.0266485141962747i
    -42.4315252861586-0.0205573946772855i
    );
  }
  data {
    frequency 20
    value (
    -0.124001681378731-9.38947151854394e-006i
    0.000266995061350393+1.45435897736985e-008i
    0.304079994075729-1.85899508901748e-005i
    -2141.00815332018-1.05993434428872i
    53.8285080709379+0.0266485141962747i
    -41.5247917683097-0.0205573946772855i
    );
  }
}
body {
  name body2;
  data {
    frequency 1
    value (
    -4.13427617861297e-005-0.00149123396427281i
    -8.1585713770845e-008+4.64301430014521e-006i
    -8.25556568070431e-005-0.000675142325784606i
    4.48468509503651e-008+3.62848299461133e-006i
    -1.1636981110118e-009-9.98631711266087e-008i
    7.72409618189519e-010+5.41493378872738e-008i
    );
  }
  data {
    frequency 2
    value (
    -0.00657349912399462-0.00149123396427281i
    -1.26408933061154e-005+4.64301430014521e-006i
    -0.0129099892401469-0.000675142325784606i
    6.86792816605951e-006+3.62848299461133e-006i
    -1.77528268063253e-007-9.98631711266087e-008i
    1.19379210950264e-007+5.41493378872738e-008i
    );
  }
  data {
    frequency 3
    value (
    -0.0131056554862031-0.00149123396427281i
    -2.33481298612352e-005+4.64301430014521e-006i
    -0.0227106966084357-0.000675142325784606i
    1.61893001071991e-005+3.62848299461133e-006i
    -4.25209936731743e-007-9.98631711266087e-008i
    2.70640126700892e-007+5.41493378872738e-008i
    );
  }
  data {
    frequency 4
    value (
    -0.0196378118484116-0.00149123396427281i
    -3.09754776237538e-005+4.64301430014521e-006i
    -0.026844418594861-0.000675142325784606i
    3.10800189075303e-005+3.62848299461133e-006i
    -8.31876174930917e-007-9.98631711266087e-008i
    4.94695651566159e-007+5.41493378872738e-008i
    );
  }
  data {
    frequency 5
    value (
    -0.026128625448834-0.00149123396427281i
    -3.51602745355085e-005+4.64301430014521e-006i
    -0.0246673146604517-0.000675142325784606i
    5.21739698814879e-005+3.62848299461133e-006i
    -1.4157386159609e-006-9.98631711266087e-008i
    7.99644800876245e-007+5.41493378872738e-008i
    );
  }
  data {
    frequency 6
    value (
    -0.0326607818110425-0.00149123396427281i
    -3.6219363834572e-005+4.64301430014521e-006i
    -0.0168364841401305-0.000675142325784606i
    7.8943265468016e-005+3.62848299461133e-006i
    -2.1614949601882e-006-9.98631711266087e-008i
    1.178960246851e-006+5.41493378872738e-008i
    );
  }
  data {
    frequency 7
    value (
    -0.0391929381732509-0.00149123396427281i
    -3.46000335401406e-005+4.64301430014521e-006i
    -0.00453167062170643-0.000675142325784606i
    0.000109894176103671+3.62848299461133e-006i
    -3.02662118482279e-006-9.98631711266087e-008i
    1.6129318384502e-006+5.41493378872738e-008i
    );
  }
  data {
    frequency 8
    value (
    -0.0457250945354595-0.00149123396427281i
    -3.07593606408424e-005+4.64301430014521e-006i
    0.0111125438572435-0.000675142325784606i
    0.000143706963956172+3.62848299461133e-006i
    -3.97344358117619e-006-9.98631711266087e-008i
    2.08430983309838e-006+5.41493378872738e-008i
    );
  }
  data {
    frequency 9
    value (
    -0.0522572508976679-0.00149123396427281i
    -2.50359803523087e-005+4.64301430014521e-006i
    0.0292139440936894-0.000675142325784606i
    0.000179355436235024+3.62848299461133e-006i
    -4.97266808242556e-006-9.98631711266087e-008i
    2.57968129298628e-006+5.41493378872738e-008i
    );
  }
  data {
    frequency 10
    value (
    -0.0587894072598766-0.00149123396427281i
    -1.76452535500922e-005+4.64301430014521e-006i
    0.0491533926118842-0.000675142325784606i
    0.000216119403803162+3.62848299461133e-006i
    -6.00373591160269e-006-9.98631711266087e-008i
    3.0896329263857e-006+5.41493378872738e-008i
    );
  }
  data {
    frequency 11
    value (
    -0.0652802208602989-0.00149123396427281i
    -8.7652054385321e-006+4.64301430014521e-006i
    0.070381203220444-0.000675142325784606i
    0.000253283255001851+3.62848299461133e-006i
    -7.0463354782282e-006-9.98631711266087e-008i
    3.60462503673708e-006+5.41493378872738e-008i
    );
  }
  data {
    frequency 12
    value (
    -0.0718123772225074-0.00149123396427281i
    1.67178828577905e-006+4.64301430014521e-006i
    0.0929057363441339-0.000675142325784606i
    0.00029101556907354+3.62848299461133e-006i
    -8.10504607340932e-006-9.98631711266087e-008i
    4.12723352326411e-006+5.41493378872738e-008i
    );
  }
  data {
    frequency 13
    value (
    -0.0783445335847161-0.00149123396427281i
    1.36172136602412e-005+4.64301430014521e-006i
    0.116430912651204-0.000675142325784606i
    0.00032888924915794+3.62848299461133e-006i
    -9.16779215340494e-006-9.98631711266087e-008i
    4.65168974596157e-006+5.41493378872738e-008i
    );
  }
  data {
    frequency 14
    value (
    -0.0848766899469244-0.00149123396427281i
    2.71077874477811e-005+4.64301430014521e-006i
    0.140855784817161-0.000675142325784606i
    0.000366786846371798+3.62848299461133e-006i
    -1.02312209803416e-005-9.98631711266087e-008i
    5.17645857947931e-006+5.41493378872738e-008i
    );
  }
  data {
    frequency 15
    value (
    -0.0914088463091327-0.00149123396427281i
    4.22032596427943e-005+4.64301430014521e-006i
    0.166120313483094-0.000675142325784606i
    0.000404638493815848+3.62848299461133e-006i
    -1.1293338108697e-005-9.98631711266087e-008i
    5.70062682272736e-006+5.41493378872738e-008i
    );
  }
  data {
    frequency 16
    value (
    -0.0979410026713414-0.00149123396427281i
    5.89796176470888e-005+4.64301430014521e-006i
    0.192190305303285-0.000675142325784606i
    0.000442404386931923+3.62848299461133e-006i
    -1.23530072633021e-005-9.98631711266087e-008i
    6.22367420693349e-006+5.41493378872738e-008i
    );
  }
  data {
    frequency 17
    value (
    -0.104431816271764-0.00149123396427281i
    7.74015984777233e-005+4.64301430014521e-006i
    0.218875324988507-0.000675142325784606i
    0.000479825571137264+3.62848299461133e-006i
    -1.34029527500728e-005-9.98631711266087e-008i
    6.74202980964853e-006+5.41493378872738e-008i
    );
  }
  data {
    frequency 18
    value (
    -0.110963972633973-0.00149123396427281i
    9.78003259165073e-005+4.64301430014521e-006i
    0.24650738791324-0.000675142325784606i
    0.000517369502045702+3.62848299461133e-006i
    -1.44562856920257e-005-9.98631711266087e-008i
    7.26217601844725e-006+5.41493378872738e-008i
    );
  }
  data {
    frequency 19
    value (
    -0.117496128996181-0.00149123396427281i
    0.000120168450391138+4.64301430014521e-006i
    0.27491718761777-0.000675142325784606i
    0.000554795326744974+3.62848299461133e-006i
    -1.55062471318442e-005-9.98631711266087e-008i
    7.78077851026305e-006+5.41493378872738e-008i
    );
  }
  data {
    frequency 20
    value (
    -0.124028285358389-0.00149123396427281i
    0.000144616506831448+4.64301430014521e-006i
    0.304106596869855-0.000675142325784606i
    0.000592105187698409+3.62848299461133e-006i
    -1.65528982290535e-005-9.98631711266087e-008i
    8.29786528834024e-006+5.41493378872738e-008i
    );
  }
}
// ************************************************************************* //