/*--------------------------------*- C++ -*------------------------------------*\
| O pen         | OpenSea: The Open Source Seakeeping Suite            		|
| S eakeeping   | Version:  0.20                                                |
| E valuation   | Web:      www.opensea.dmsonline.us                            |
| A nalysis     |                                                               |
\*-----------------------------------------------------------------------------*/
seafile
{
    version   1.0;
    format    ascii;
    object    accglobal;
}
// * * * * * * * * * * * * * * * * * * * * * * * * * * * * * * * * * * * * * //
body {
  name body1;
  frequency 1
  value (
  -0.00938947151854394+0.0413338937929102i
  1.45435897736985e-005+4.07928622645304e-005i
  -0.0185899508901748+0.0825645244050851i
  -1059.93434428872+4682.93836865262i
  26.6485141962747-117.736867508749i
  -20.5573946772855+90.8254488385656i
);
}
  frequency 2
  value (
  -0.00938947151854394+0.0413338937929102i
  1.45435897736985e-005+4.07928622645304e-005i
  -0.0185899508901748+0.0825645244050851i
  -1059.93434428872+4682.93836865262i
  26.6485141962747-117.736867508749i
  -20.5573946772855+90.8254488385656i
);
}
  frequency 3
  value (
  -0.00938947151854394+0.0413338937929102i
  1.45435897736985e-005+4.07928622645304e-005i
  -0.0185899508901748+0.0825645244050851i
  -1059.93434428872+4682.93836865262i
  26.6485141962747-117.736867508749i
  -20.5573946772855+90.8254488385656i
);
}
  frequency 4
  value (
  -0.00938947151854394+0.0413338937929102i
  1.45435897736985e-005+4.07928622645304e-005i
  -0.0185899508901748+0.0825645244050851i
  -1059.93434428872+4682.93836865262i
  26.6485141962747-117.736867508749i
  -20.5573946772855+90.8254488385656i
);
}
  frequency 5
  value (
  -0.00938947151854394+0.0413338937929102i
  1.45435897736985e-005+4.07928622645304e-005i
  -0.0185899508901748+0.0825645244050851i
  -1059.93434428872+4682.93836865262i
  26.6485141962747-117.736867508749i
  -20.5573946772855+90.8254488385656i
);
}
  frequency 6
  value (
  -0.00938947151854394+0.0413338937929102i
  1.45435897736985e-005+4.07928622645304e-005i
  -0.0185899508901748+0.0825645244050851i
  -1059.93434428872+4682.93836865262i
  26.6485141962747-117.736867508749i
  -20.5573946772855+90.8254488385656i
);
}
  frequency 7
  value (
  -0.00938947151854394+0.0413338937929102i
  1.45435897736985e-005+4.07928622645304e-005i
  -0.0185899508901748+0.0825645244050851i
  -1059.93434428872+4682.93836865262i
  26.6485141962747-117.736867508749i
  -20.5573946772855+90.8254488385656i
);
}
  frequency 8
  value (
  -0.00938947151854394+0.0413338937929102i
  1.45435897736985e-005+4.07928622645304e-005i
  -0.0185899508901748+0.0825645244050851i
  -1059.93434428872+4682.93836865262i
  26.6485141962747-117.736867508749i
  -20.5573946772855+90.8254488385656i
);
}
  frequency 9
  value (
  -0.00938947151854394+0.0413338937929102i
  1.45435897736985e-005+4.07928622645304e-005i
  -0.0185899508901748+0.0825645244050851i
  -1059.93434428872+4682.93836865262i
  26.6485141962747-117.736867508749i
  -20.5573946772855+90.8254488385656i
);
}
  frequency 10
  value (
  -0.00938947151854394+0.0413338937929102i
  1.45435897736985e-005+4.07928622645304e-005i
  -0.0185899508901748+0.0825645244050851i
  -1059.93434428872+4682.93836865262i
  26.6485141962747-117.736867508749i
  -20.5573946772855+90.8254488385656i
);
}
  frequency 11
  value (
  -0.00938947151854394+0.0413338937929102i
  1.45435897736985e-005+4.07928622645304e-005i
  -0.0185899508901748+0.0825645244050851i
  -1059.93434428872+4682.93836865262i
  26.6485141962747-117.736867508749i
  -20.5573946772855+90.8254488385656i
);
}
  frequency 12
  value (
  -0.00938947151854394+0.0413338937929102i
  1.45435897736985e-005+4.07928622645304e-005i
  -0.0185899508901748+0.0825645244050851i
  -1059.93434428872+4682.93836865262i
  26.6485141962747-117.736867508749i
  -20.5573946772855+90.8254488385656i
);
}
  frequency 13
  value (
  -0.00938947151854394+0.0413338937929102i
  1.45435897736985e-005+4.07928622645304e-005i
  -0.0185899508901748+0.0825645244050851i
  -1059.93434428872+4682.93836865262i
  26.6485141962747-117.736867508749i
  -20.5573946772855+90.8254488385656i
);
}
  frequency 14
  value (
  -0.00938947151854394+0.0413338937929102i
  1.45435897736985e-005+4.07928622645304e-005i
  -0.0185899508901748+0.0825645244050851i
  -1059.93434428872+4682.93836865262i
  26.6485141962747-117.736867508749i
  -20.5573946772855+90.8254488385656i
);
}
  frequency 15
  value (
  -0.00938947151854394+0.0413338937929102i
  1.45435897736985e-005+4.07928622645304e-005i
  -0.0185899508901748+0.0825645244050851i
  -1059.93434428872+4682.93836865262i
  26.6485141962747-117.736867508749i
  -20.5573946772855+90.8254488385656i
);
}
  frequency 16
  value (
  -0.00938947151854394+0.0413338937929102i
  1.45435897736985e-005+4.07928622645304e-005i
  -0.0185899508901748+0.0825645244050851i
  -1059.93434428872+4682.93836865262i
  26.6485141962747-117.736867508749i
  -20.5573946772855+90.8254488385656i
);
}
  frequency 17
  value (
  -0.00938947151854394+0.0413338937929102i
  1.45435897736985e-005+4.07928622645304e-005i
  -0.0185899508901748+0.0825645244050851i
  -1059.93434428872+4682.93836865262i
  26.6485141962747-117.736867508749i
  -20.5573946772855+90.8254488385656i
);
}
  frequency 18
  value (
  -0.00938947151854394+0.0413338937929102i
  1.45435897736985e-005+4.07928622645304e-005i
  -0.0185899508901748+0.0825645244050851i
  -1059.93434428872+4682.93836865262i
  26.6485141962747-117.736867508749i
  -20.5573946772855+90.8254488385656i
);
}
  frequency 19
  value (
  -0.00938947151854394+0.0413338937929102i
  1.45435897736985e-005+4.07928622645304e-005i
  -0.0185899508901748+0.0825645244050851i
  -1059.93434428872+4682.93836865262i
  26.6485141962747-117.736867508749i
  -20.5573946772855+90.8254488385656i
);
}
  frequency 20
  value (
  -0.00938947151854394+0.0413338937929102i
  1.45435897736985e-005+4.07928622645304e-005i
  -0.0185899508901748+0.0825645244050851i
  -1059.93434428872+4682.93836865262i
  26.6485141962747-117.736867508749i
  -20.5573946772855+90.8254488385656i
);
}
body {
  name body2;
  frequency 1
  value (
  -0.00937882996397993+0.0413427617861297i
  2.90872821863537e-005+8.1585713770845e-005i
  -0.0184902741827799+0.0825556568070431i
  -7.9699517844662e-006-4.48468509503651e-005i
  2.50889220560166e-007+1.16369811101179e-006i
  -6.18892065349396e-008-7.72409618189519e-007i
);
}
  frequency 2
  value (
  -0.00937882996397993+0.0413427617861297i
  2.90872821863537e-005+8.1585713770845e-005i
  -0.0184902741827799+0.0825556568070431i
  -7.9699517844662e-006-4.48468509503651e-005i
  2.50889220560166e-007+1.16369811101179e-006i
  -6.18892065349396e-008-7.72409618189519e-007i
);
}
  frequency 3
  value (
  -0.00937882996397993+0.0413427617861297i
  2.90872821863537e-005+8.1585713770845e-005i
  -0.0184902741827799+0.0825556568070431i
  -7.9699517844662e-006-4.48468509503651e-005i
  2.50889220560166e-007+1.16369811101179e-006i
  -6.18892065349396e-008-7.72409618189519e-007i
);
}
  frequency 4
  value (
  -0.00937882996397993+0.0413427617861297i
  2.90872821863537e-005+8.1585713770845e-005i
  -0.0184902741827799+0.0825556568070431i
  -7.9699517844662e-006-4.48468509503651e-005i
  2.50889220560166e-007+1.16369811101179e-006i
  -6.18892065349396e-008-7.72409618189519e-007i
);
}
  frequency 5
  value (
  -0.00937882996397993+0.0413427617861297i
  2.90872821863537e-005+8.1585713770845e-005i
  -0.0184902741827799+0.0825556568070431i
  -7.9699517844662e-006-4.48468509503651e-005i
  2.50889220560166e-007+1.16369811101179e-006i
  -6.18892065349396e-008-7.72409618189519e-007i
);
}
  frequency 6
  value (
  -0.00937882996397993+0.0413427617861297i
  2.90872821863537e-005+8.1585713770845e-005i
  -0.0184902741827799+0.0825556568070431i
  -7.9699517844662e-006-4.48468509503651e-005i
  2.50889220560166e-007+1.16369811101179e-006i
  -6.18892065349396e-008-7.72409618189519e-007i
);
}
  frequency 7
  value (
  -0.00937882996397993+0.0413427617861297i
  2.90872821863537e-005+8.1585713770845e-005i
  -0.0184902741827799+0.0825556568070431i
  -7.9699517844662e-006-4.48468509503651e-005i
  2.50889220560166e-007+1.16369811101179e-006i
  -6.18892065349396e-008-7.72409618189519e-007i
);
}
  frequency 8
  value (
  -0.00937882996397993+0.0413427617861297i
  2.90872821863537e-005+8.1585713770845e-005i
  -0.0184902741827799+0.0825556568070431i
  -7.9699517844662e-006-4.48468509503651e-005i
  2.50889220560166e-007+1.16369811101179e-006i
  -6.18892065349396e-008-7.72409618189519e-007i
);
}
  frequency 9
  value (
  -0.00937882996397993+0.0413427617861297i
  2.90872821863537e-005+8.1585713770845e-005i
  -0.0184902741827799+0.0825556568070431i
  -7.9699517844662e-006-4.48468509503651e-005i
  2.50889220560166e-007+1.16369811101179e-006i
  -6.18892065349396e-008-7.72409618189519e-007i
);
}
  frequency 10
  value (
  -0.00937882996397993+0.0413427617861297i
  2.90872821863537e-005+8.1585713770845e-005i
  -0.0184902741827799+0.0825556568070431i
  -7.9699517844662e-006-4.48468509503651e-005i
  2.50889220560166e-007+1.16369811101179e-006i
  -6.18892065349396e-008-7.72409618189519e-007i
);
}
  frequency 11
  value (
  -0.00937882996397993+0.0413427617861297i
  2.90872821863537e-005+8.1585713770845e-005i
  -0.0184902741827799+0.0825556568070431i
  -7.9699517844662e-006-4.48468509503651e-005i
  2.50889220560166e-007+1.16369811101179e-006i
  -6.18892065349396e-008-7.72409618189519e-007i
);
}
  frequency 12
  value (
  -0.00937882996397993+0.0413427617861297i
  2.90872821863537e-005+8.1585713770845e-005i
  -0.0184902741827799+0.0825556568070431i
  -7.9699517844662e-006-4.48468509503651e-005i
  2.50889220560166e-007+1.16369811101179e-006i
  -6.18892065349396e-008-7.72409618189519e-007i
);
}
  frequency 13
  value (
  -0.00937882996397993+0.0413427617861297i
  2.90872821863537e-005+8.1585713770845e-005i
  -0.0184902741827799+0.0825556568070431i
  -7.9699517844662e-006-4.48468509503651e-005i
  2.50889220560166e-007+1.16369811101179e-006i
  -6.18892065349396e-008-7.72409618189519e-007i
);
}
  frequency 14
  value (
  -0.00937882996397993+0.0413427617861297i
  2.90872821863537e-005+8.1585713770845e-005i
  -0.0184902741827799+0.0825556568070431i
  -7.9699517844662e-006-4.48468509503651e-005i
  2.50889220560166e-007+1.16369811101179e-006i
  -6.18892065349396e-008-7.72409618189519e-007i
);
}
  frequency 15
  value (
  -0.00937882996397993+0.0413427617861297i
  2.90872821863537e-005+8.1585713770845e-005i
  -0.0184902741827799+0.0825556568070431i
  -7.9699517844662e-006-4.48468509503651e-005i
  2.50889220560166e-007+1.16369811101179e-006i
  -6.18892065349396e-008-7.72409618189519e-007i
);
}
  frequency 16
  value (
  -0.00937882996397993+0.0413427617861297i
  2.90872821863537e-005+8.1585713770845e-005i
  -0.0184902741827799+0.0825556568070431i
  -7.9699517844662e-006-4.48468509503651e-005i
  2.50889220560166e-007+1.16369811101179e-006i
  -6.18892065349396e-008-7.72409618189519e-007i
);
}
  frequency 17
  value (
  -0.00937882996397993+0.0413427617861297i
  2.90872821863537e-005+8.1585713770845e-005i
  -0.0184902741827799+0.0825556568070431i
  -7.9699517844662e-006-4.48468509503651e-005i
  2.50889220560166e-007+1.16369811101179e-006i
  -6.18892065349396e-008-7.72409618189519e-007i
);
}
  frequency 18
  value (
  -0.00937882996397993+0.0413427617861297i
  2.90872821863537e-005+8.1585713770845e-005i
  -0.0184902741827799+0.0825556568070431i
  -7.9699517844662e-006-4.48468509503651e-005i
  2.50889220560166e-007+1.16369811101179e-006i
  -6.18892065349396e-008-7.72409618189519e-007i
);
}
  frequency 19
  value (
  -0.00937882996397993+0.0413427617861297i
  2.90872821863537e-005+8.1585713770845e-005i
  -0.0184902741827799+0.0825556568070431i
  -7.9699517844662e-006-4.48468509503651e-005i
  2.50889220560166e-007+1.16369811101179e-006i
  -6.18892065349396e-008-7.72409618189519e-007i
);
}
  frequency 20
  value (
  -0.00937882996397993+0.0413427617861297i
  2.90872821863537e-005+8.1585713770845e-005i
  -0.0184902741827799+0.0825556568070431i
  -7.9699517844662e-006-4.48468509503651e-005i
  2.50889220560166e-007+1.16369811101179e-006i
  -6.18892065349396e-008-7.72409618189519e-007i
);
}
// ************************************************************************* //