/*--------------------------------*- C++ -*------------------------------------*\
| O pen         | OpenSea: The Open Source Seakeeping Suite            		|
| S eakeeping   | Version:  0.20                                                |
| E valuation   | Web:      www.opensea.dmsonline.us                            |
| A nalysis     |                                                               |
\*-----------------------------------------------------------------------------*/
seafile
{
    version   1.0;
    format    ascii;
    object    direction;
}
// * * * * * * * * * * * * * * * * * * * * * * * * * * * * * * * * * * * * * //
direction (
0
0.3491
0.6981
1.0472
1.3963
1.7453
2.0944
2.4435
2.7925
3.1416
);

// ************************************************************************* //