Build started 5/9/2013 7:57:12 PM.
     1>Project "C:\Users\Shane\Documents\Visual Studio 2010\Projects\oFreq VS2010 Project\oFreq\oFreq.vcxproj" on node 2 (build target(s)).
     1>InitializeBuildStatus:
         Creating "Release\oFreq.unsuccessfulbuild" because "AlwaysCreate" was specified.
       ClCompile:
         c:\Program Files (x86)\Microsoft Visual Studio 10.0\VC\bin\CL.exe /c /Zi /nologo /W3 /WX- /O2 /Oi /Oy- /GL /D _MBCS /Gm- /EHsc /MD /GS /Gy /fp:precise /Zc:wchar_t /Zc:forScope /Fo"Release\\" /Fd"Release\vc100.pdb" /Gd /TP /analyze- /errorReport:prompt motionsolver.cpp
         motionsolver.cpp
     1>motionsolver.cpp(14): warning C4018: '<' : signed/unsigned mismatch
     1>motionsolver.cpp(21): warning C4018: '<' : signed/unsigned mismatch
     1>motionsolver.cpp(62): warning C4018: '<' : signed/unsigned mismatch
     1>motionsolver.cpp(83): warning C4018: '<' : signed/unsigned mismatch
     1>motionsolver.cpp(96): warning C4018: '<' : signed/unsigned mismatch
     1>c:\users\shane\documents\visual studio 2010\projects\ofreq vs2010 project\ofreq\armadillo_bits/SpMat_meat.hpp(3197): warning C4344: behavior change: use of explicit template arguments results in call to 'vec_type arma::linspace<arma::uvec>(const unsigned int,const unsigned int,const arma::uword,const arma::Col<eT> *)'
                 with
                 [
                     vec_type=arma::uvec,
                     eT=arma::u32
                 ]
                 but the regular function 'arma::mat arma::linspace(const double,const double,const arma::uword)' is a better match
                 if you expect 'arma::mat arma::linspace(const double,const double,const arma::uword)' to be called then you need to make it an explicit specialization
                 c:\users\shane\documents\visual studio 2010\projects\ofreq vs2010 project\ofreq\armadillo_bits/SpMat_meat.hpp(3181) : while compiling class template member function 'const arma::SpMat<eT> &arma::SpMat<eT>::sprandu(const arma::uword,const arma::uword,const double)'
                 with
                 [
                     eT=double
                 ]
                 c:\users\shane\documents\visual studio 2010\projects\ofreq vs2010 project\ofreq\armadillo_bits/fn_speye.hpp(36) : see reference to class template instantiation 'arma::SpMat<eT>' being compiled
                 with
                 [
                     eT=double
                 ]
     1>c:\users\shane\documents\visual studio 2010\projects\ofreq vs2010 project\ofreq\armadillo_bits/SpMat_meat.hpp(3274): warning C4344: behavior change: use of explicit template arguments results in call to 'vec_type arma::linspace<arma::uvec>(const unsigned int,const unsigned int,const arma::uword,const arma::Col<eT> *)'
                 with
                 [
                     vec_type=arma::uvec,
                     eT=arma::u32
                 ]
                 but the regular function 'arma::mat arma::linspace(const double,const double,const arma::uword)' is a better match
                 if you expect 'arma::mat arma::linspace(const double,const double,const arma::uword)' to be called then you need to make it an explicit specialization
                 c:\users\shane\documents\visual studio 2010\projects\ofreq vs2010 project\ofreq\armadillo_bits/SpMat_meat.hpp(3258) : while compiling class template member function 'const arma::SpMat<eT> &arma::SpMat<eT>::sprandn(const arma::uword,const arma::uword,const double)'
                 with
                 [
                     eT=double
                 ]
       Link:
         c:\Program Files (x86)\Microsoft Visual Studio 10.0\VC\bin\link.exe /ERRORREPORT:PROMPT /OUT:"C:\Users\Shane\Documents\Visual Studio 2010\Projects\oFreq VS2010 Project\Release\oFreq.exe" /NOLOGO kernel32.lib user32.lib gdi32.lib winspool.lib comdlg32.lib advapi32.lib shell32.lib ole32.lib oleaut32.lib uuid.lib odbc32.lib odbccp32.lib /MANIFEST /ManifestFile:"Release\oFreq.exe.intermediate.manifest" /MANIFESTUAC:"level='asInvoker' uiAccess='false'" /DEBUG /PDB:"C:\Users\Shane\Documents\Visual Studio 2010\Projects\oFreq VS2010 Project\Release\oFreq.pdb" /OPT:REF /OPT:ICF /LTCG /TLBID:1 /DYNAMICBASE /NXCOMPAT /IMPLIB:"C:\Users\Shane\Documents\Visual Studio 2010\Projects\oFreq VS2010 Project\Release\oFreq.lib" /MACHINE:X86 Release\activeforcematrix.obj
         Release\bodiesinput.obj
         Release\body.obj
         Release\bodywithforcematrix.obj
         Release\datainput.obj
         Release\forceactive.obj
         Release\forcecrossbody.obj
         Release\forcederivative.obj
         Release\forceequation.obj
         Release\forcereactive.obj
         Release\force.obj
         Release\motionmodel.obj
         Release\motionsolver.obj
         Release\ofreq.obj
         Release\controlInput.obj
         Release\forcesinput.obj
         Release\reactiveforcematrix.obj
         Release\readinputfile.obj
         Release\seaenvinput.obj
         Release\seaenviroment.obj
         Release\system.obj
         Release\userforces.obj
         Release\wavedirections.obj
         Release\wavefrequencies.obj
         Release\wavespectrummodel.obj
         Release\wavespreadmodel.obj
            Creating library C:\Users\Shane\Documents\Visual Studio 2010\Projects\oFreq VS2010 Project\Release\oFreq.lib and object C:\Users\Shane\Documents\Visual Studio 2010\Projects\oFreq VS2010 Project\Release\oFreq.exp
         Generating code
         Finished generating code
         oFreq.vcxproj -> C:\Users\Shane\Documents\Visual Studio 2010\Projects\oFreq VS2010 Project\Release\oFreq.exe
       Manifest:
         C:\Program Files (x86)\Microsoft SDKs\Windows\v7.0A\bin\mt.exe /nologo /verbose /outputresource:"C:\Users\Shane\Documents\Visual Studio 2010\Projects\oFreq VS2010 Project\Release\oFreq.exe;#1" /manifest Release\oFreq.exe.intermediate.manifest
       FinalizeBuildStatus:
         Deleting file "Release\oFreq.unsuccessfulbuild".
         Touching "Release\oFreq.lastbuildstate".
     1>Done Building Project "C:\Users\Shane\Documents\Visual Studio 2010\Projects\oFreq VS2010 Project\oFreq\oFreq.vcxproj" (build target(s)).

Build succeeded.

Time Elapsed 00:00:04.42
